{
  "RSpec": {
    "coverage": {
      "/home/domeno/projects/historica/app/models/photo.rb": {
        "lines": [
          null,
          null,
          1,
          1,
          null,
          1,
          null,
          1,
          null,
          1,
          4,
          null,
          null
        ]
      },
      "/home/domeno/projects/historica/app/models/application_record.rb": {
        "lines": [
          null,
          null,
          1,
          1,
          null
        ]
      },
      "/home/domeno/projects/historica/app/uploaders/photo_uploader.rb": {
        "lines": [
          null,
          null,
          1,
          1,
          1,
          null,
          1,
          10,
          10,
          10,
          null,
          null,
          1,
          5,
          null,
          null,
          1,
          0,
          null,
          null
        ]
      },
      "/home/domeno/projects/historica/app/models/place.rb": {
        "lines": [
          null,
          null,
          1,
          1,
          null,
          1,
          null,
          1,
          1,
          1,
          null,
          1,
          1,
          null,
          1,
          1,
          1,
          1,
          null,
          null,
          1,
          29,
          null,
          null,
          1,
          null,
          1,
          33,
          0,
          0,
          null,
          null,
          33,
          33,
          null,
          null,
          1,
          66,
          null,
          null
        ]
      },
      "/home/domeno/projects/historica/app/models/review.rb": {
        "lines": [
          null,
          null,
          1,
          1,
          1,
          null,
          1,
          null
        ]
      },
      "/home/domeno/projects/historica/app/models/user.rb": {
        "lines": [
          null,
          null,
          1,
          1,
          null,
          1,
          1,
          1,
          null,
          1,
          1,
          1,
          null
        ]
      },
      "/home/domeno/projects/historica/app/sidekiq/place_trigger_index_job.rb": {
        "lines": [
          null,
          null,
          1,
          1,
          null,
          1,
          9,
          0,
          null,
          9,
          null,
          null,
          null
        ]
      },
      "/home/domeno/projects/historica/app/controllers/auth_controller.rb": {
        "lines": [
          null,
          null,
          1,
          1,
          null,
          1,
          2,
          null,
          2,
          1,
          null,
          1,
          null,
          null,
          null,
          1,
          null,
          3,
          null,
          3,
          1,
          null,
          null,
          null,
          null,
          null,
          2,
          null,
          null,
          null,
          1,
          null,
          1,
          6,
          null,
          null,
          1,
          3,
          3,
          null,
          null,
          null
        ]
      },
      "/home/domeno/projects/historica/app/controllers/application_controller.rb": {
        "lines": [
          null,
          null,
          1,
          1,
          null,
          1,
          1,
          null,
          1,
          null,
          1,
          42,
          42,
          42,
          null,
          33,
          null,
          0,
          null,
          null,
          1,
          0,
          null,
          null,
          1,
          9,
          null,
          null
        ]
      },
      "/home/domeno/projects/historica/app/service/jwt_service.rb": {
        "lines": [
          null,
          null,
          1,
          1,
          null,
          1,
          35,
          null,
          35,
          null,
          null,
          1,
          42,
          null,
          null
        ]
      },
      "/home/domeno/projects/historica/app/sidekiq/promote_job.rb": {
        "lines": [
          null,
          null,
          1,
          1,
          null,
          1,
          0,
          0,
          null,
          0,
          0,
          null,
          null,
          null,
          null
        ]
      },
      "/home/domeno/projects/historica/app/controllers/photos_controller.rb": {
        "lines": [
          null,
          null,
          1,
          1,
          4,
          4,
          null,
          3,
          null,
          3,
          2,
          null,
          1,
          null,
          null,
          null,
          1,
          2,
          null,
          1,
          1,
          null,
          null,
          1,
          null,
          1,
          7,
          null,
          null,
          1,
          4,
          4,
          4,
          4,
          null,
          null
        ]
      },
      "/home/domeno/projects/historica/app/controllers/places_controller.rb": {
        "lines": [
          null,
          null,
          1,
          1,
          3,
          null,
          null,
          null,
          null,
          null,
          null,
          null,
          1,
          2,
          null,
          1,
          null,
          null,
          null,
          1,
          null,
          3,
          null,
          3,
          null,
          null,
          null,
          3,
          1,
          null,
          2,
          null,
          null,
          null,
          1,
          2,
          null,
          1,
          null,
          1,
          1,
          null,
          0,
          null,
          null,
          null,
          1,
          2,
          null,
          1,
          1,
          null,
          null,
          1,
          2,
          null,
          1,
          null,
          null,
          1,
          null,
          1,
          10,
          null,
          null,
          1,
          3,
          3,
          null,
          3,
          1,
          2,
          1,
          1,
          1,
          null,
          null,
          0,
          null,
          null,
          1,
          1,
          null,
          null,
          1,
          null,
          4,
          null,
          null,
          null,
          null,
          1,
          3,
          null,
          null,
          1,
          3,
          3,
          3,
          null,
          null
        ]
      },
      "/home/domeno/projects/historica/app/controllers/reviews_controller.rb": {
        "lines": [
          null,
          null,
          1,
          1,
          4,
          3,
          null,
          2,
          null,
          2,
          1,
          null,
          1,
          null,
          null,
          null,
          1,
          3,
          null,
          2,
          null,
          2,
          1,
          null,
          1,
          null,
          null,
          null,
          1,
          2,
          null,
          1,
          1,
          null,
          null,
          1,
          null,
          1,
          9,
          null,
          null
        ]
      },
      "/home/domeno/projects/historica/app/controllers/users_controller.rb": {
        "lines": [
          null,
          null,
          1,
          1,
          2,
          null,
          1,
          null,
          null,
          null,
          null,
          null,
          1,
          2,
          null,
          1,
          null,
          null
        ]
      },
      "/home/domeno/projects/historica/app/sidekiq/destroy_job.rb": {
        "lines": [
          null,
          null,
          0,
          0,
          null,
          0,
          0,
          null,
          0,
          0,
          0,
          0
        ],
        "branches": {
        }
      }
    },
    "timestamp": 1720977761
  }
}
